{"failedCount":1,"prefixedPath":"src\/test\/java\/requests\/features\/requests.feature","packageQualifiedName":"src.test.java.requests.features.requests","loopIndex":-1,"relativePath":"src\/test\/java\/requests\/features\/requests.feature","scenarioResults":[{"sectionIndex":1,"stepResults":[{"result":{"nanos":49036,"millis":0.049036,"status":"passed"},"step":{"background":true,"line":4,"prefix":"Given","index":0,"text":"url baseUrl"},"stepLog":"19:00:30.645 karate.env system property was: null \n"},{"result":{"nanos":4137597,"millis":4.137597,"status":"passed"},"step":{"background":true,"line":5,"prefix":"And","index":1,"text":"path 'pet'"}},{"result":{"nanos":15657422,"errorMessage":">>>> js failed:\n01: [findByStatus?status=]\n<<<<\norg.graalvm.polyglot.PolyglotException: SyntaxError: Unnamed:1:21 Expected an operand but found ]\n[findByStatus?status=]\n                     ^\n\n- org.graalvm.polyglot.Context.eval(Context.java:373)\n- com.intuit.karate.graal.JsEngine.evalForValue(JsEngine.java:124)\n- com.intuit.karate.graal.JsEngine.eval(JsEngine.java:120)\n- com.intuit.karate.core.ScenarioEngine.evalJs(ScenarioEngine.java:1246)\n- com.intuit.karate.core.ScenarioEngine.path(ScenarioEngine.java:365)\n- com.intuit.karate.ScenarioActions.path(ScenarioActions.java:82)\n- java.base\/jdk.internal.reflect.NativeMethodAccessorImpl.invoke0(Native Method)\n\nsrc\/test\/java\/requests\/features\/requests.feature:17","millis":15.657422,"status":"failed"},"step":{"line":17,"prefix":"And","index":0,"text":"path findByStatus?status="},"stepLog":"19:00:30.693 src\/test\/java\/requests\/features\/requests.feature:17\nAnd path findByStatus?status=\n>>>> js failed:\n01: [findByStatus?status=]\n<<<<\norg.graalvm.polyglot.PolyglotException: SyntaxError: Unnamed:1:21 Expected an operand but found ]\n[findByStatus?status=]\n                     ^\n\n- org.graalvm.polyglot.Context.eval(Context.java:373)\n- com.intuit.karate.graal.JsEngine.evalForValue(JsEngine.java:124)\n- com.intuit.karate.graal.JsEngine.eval(JsEngine.java:120)\n- com.intuit.karate.core.ScenarioEngine.evalJs(ScenarioEngine.java:1246)\n- com.intuit.karate.core.ScenarioEngine.path(ScenarioEngine.java:365)\n- com.intuit.karate.ScenarioActions.path(ScenarioActions.java:82)\n- java.base\/jdk.internal.reflect.NativeMethodAccessorImpl.invoke0(Native Method)\n\nsrc\/test\/java\/requests\/features\/requests.feature:17\n"},{"result":{"nanos":0,"millis":0.0,"status":"skipped"},"step":{"line":18,"prefix":"And","index":1,"text":"path available"}},{"result":{"nanos":0,"millis":0.0,"status":"skipped"},"step":{"line":19,"prefix":"When","index":2,"text":"method GET"}},{"result":{"nanos":0,"millis":0.0,"status":"skipped"},"step":{"line":20,"prefix":"Then","index":3,"text":"print response"}},{"result":{"nanos":0,"millis":0.0,"status":"skipped"},"step":{"line":21,"prefix":"And","index":4,"text":"status 200"}}],"line":16,"description":"","durationMillis":19.844055,"failed":true,"error":">>>> js failed:\n01: [findByStatus?status=]\n<<<<\norg.graalvm.polyglot.PolyglotException: SyntaxError: Unnamed:1:21 Expected an operand but found ]\n[findByStatus?status=]\n                     ^\n\n- org.graalvm.polyglot.Context.eval(Context.java:373)\n- com.intuit.karate.graal.JsEngine.evalForValue(JsEngine.java:124)\n- com.intuit.karate.graal.JsEngine.eval(JsEngine.java:120)\n- com.intuit.karate.core.ScenarioEngine.evalJs(ScenarioEngine.java:1246)\n- com.intuit.karate.core.ScenarioEngine.path(ScenarioEngine.java:365)\n- com.intuit.karate.ScenarioActions.path(ScenarioActions.java:82)\n- java.base\/jdk.internal.reflect.NativeMethodAccessorImpl.invoke0(Native Method)\n\nsrc\/test\/java\/requests\/features\/requests.feature:17","executorName":"main","name":"sadads","startTime":1666281630492,"refId":"[2:16]","endTime":1666281630693,"exampleIndex":-1}],"callDepth":0,"name":"get method","description":"","resultDate":"2022-10-20 07:00:30 PM","durationMillis":19.844055,"passedCount":0}